=== RUN   TestCreateRequest_Basic
--- PASS: TestCreateRequest_Basic (0.00s)
=== RUN   TestCreateRequest_PathParams
--- PASS: TestCreateRequest_PathParams (0.00s)
=== RUN   TestCreateRequest_QueryParams
--- PASS: TestCreateRequest_QueryParams (0.00s)
=== RUN   TestCreateRequest_Headers
--- PASS: TestCreateRequest_Headers (0.00s)
=== RUN   TestCreateRequest_Body
    request_test.go:129: Expected body map[foo:bar num:42], got map[foo:bar num:42]
--- FAIL: TestCreateRequest_Body (0.00s)
=== RUN   TestCreateRequest_InvalidMethod
    request_test.go:145: Expected error for invalid HTTP method, got nil
--- FAIL: TestCreateRequest_InvalidMethod (0.00s)
=== RUN   TestCreateRequest_BadBody
--- PASS: TestCreateRequest_BadBody (0.00s)
FAIL
FAIL	github.com/rishabh-j-23/ex-crl/internal/core	0.006s
FAIL
